{"D:\\new-bookadzone\\Setup\\Backend\\src\\app.ts": {"path":"D:\\new-bookadzone\\Setup\\Backend\\src\\app.ts","statementMap":{"0":{"start":{"line":1,"column":0},"end":{"line":1,"column":55}},"1":{"start":{"line":2,"column":0},"end":{"line":2,"column":24}},"2":{"start":{"line":3,"column":0},"end":{"line":3,"column":28}},"3":{"start":{"line":4,"column":0},"end":{"line":4,"column":38}},"4":{"start":{"line":5,"column":0},"end":{"line":5,"column":28}},"5":{"start":{"line":6,"column":0},"end":{"line":6,"column":64}},"6":{"start":{"line":7,"column":0},"end":{"line":7,"column":42}},"7":{"start":{"line":9,"column":12},"end":{"line":9,"column":21}},"8":{"start":{"line":12,"column":0},"end":{"line":12,"column":48}},"9":{"start":{"line":13,"column":0},"end":{"line":13,"column":24}},"10":{"start":{"line":14,"column":0},"end":{"line":14,"column":70}},"11":{"start":{"line":15,"column":0},"end":{"line":15,"column":18}},"12":{"start":{"line":16,"column":0},"end":{"line":16,"column":23}},"13":{"start":{"line":17,"column":0},"end":{"line":17,"column":23}},"14":{"start":{"line":21,"column":0},"end":{"line":21,"column":20}},"15":{"start":{"line":24,"column":0},"end":{"line":24,"column":51}},"16":{"start":{"line":26,"column":0},"end":{"line":26,"column":19}}},"fnMap":{},"branchMap":{},"s":{"0":1,"1":1,"2":1,"3":1,"4":1,"5":1,"6":1,"7":1,"8":1,"9":1,"10":1,"11":1,"12":1,"13":1,"14":1,"15":1,"16":1},"f":{},"b":{}}
,"D:\\new-bookadzone\\Setup\\Backend\\src\\server.ts": {"path":"D:\\new-bookadzone\\Setup\\Backend\\src\\server.ts","statementMap":{"0":{"start":{"line":1,"column":0},"end":{"line":1,"column":32}},"1":{"start":{"line":2,"column":0},"end":{"line":2,"column":24}},"2":{"start":{"line":3,"column":0},"end":{"line":3,"column":35}},"3":{"start":{"line":5,"column":27},"end":{"line":22,"column":2}},"4":{"start":{"line":5,"column":38},"end":{"line":22,"column":2}},"5":{"start":{"line":6,"column":2},"end":{"line":21,"column":3}},"6":{"start":{"line":7,"column":4},"end":{"line":7,"column":41}},"7":{"start":{"line":8,"column":4},"end":{"line":8,"column":37}},"8":{"start":{"line":10,"column":19},"end":{"line":10,"column":39}},"9":{"start":{"line":11,"column":4},"end":{"line":11,"column":66}},"10":{"start":{"line":13,"column":4},"end":{"line":15,"column":7}},"11":{"start":{"line":14,"column":6},"end":{"line":14,"column":42}},"12":{"start":{"line":17,"column":4},"end":{"line":17,"column":18}},"13":{"start":{"line":19,"column":4},"end":{"line":19,"column":52}},"14":{"start":{"line":20,"column":4},"end":{"line":20,"column":20}},"15":{"start":{"line":5,"column":13},"end":{"line":5,"column":27}},"16":{"start":{"line":25,"column":0},"end":{"line":27,"column":1}},"17":{"start":{"line":26,"column":2},"end":{"line":26,"column":16}}},"fnMap":{"0":{"name":"(anonymous_8)","decl":{"start":{"line":5,"column":27},"end":{"line":5,"column":36}},"loc":{"start":{"line":5,"column":38},"end":{"line":22,"column":2}}},"1":{"name":"(anonymous_9)","decl":{"start":{"line":5,"column":38},"end":{"line":5,"column":null}},"loc":{"start":{"line":5,"column":38},"end":{"line":22,"column":1}}},"2":{"name":"(anonymous_10)","decl":{"start":{"line":13,"column":23},"end":{"line":13,"column":24}},"loc":{"start":{"line":13,"column":38},"end":{"line":15,"column":5}}}},"branchMap":{"0":{"loc":{"start":{"line":25,"column":0},"end":{"line":27,"column":1}},"type":"if","locations":[{"start":{"line":25,"column":0},"end":{"line":27,"column":1}},{"start":{},"end":{}}]}},"s":{"0":1,"1":1,"2":1,"3":1,"4":3,"5":3,"6":3,"7":2,"8":2,"9":2,"10":2,"11":2,"12":2,"13":1,"14":1,"15":1,"16":1,"17":0},"f":{"0":3,"1":3,"2":2},"b":{"0":[0,1]}}
,"D:\\new-bookadzone\\Setup\\Backend\\src\\config\\env.ts": {"path":"D:\\new-bookadzone\\Setup\\Backend\\src\\config\\env.ts","statementMap":{"0":{"start":{"line":1,"column":0},"end":{"line":1,"column":28}},"1":{"start":{"line":2,"column":0},"end":{"line":2,"column":16}},"2":{"start":{"line":4,"column":13},"end":{"line":13,"column":2}}},"fnMap":{},"branchMap":{"0":{"loc":{"start":{"line":5,"column":8},"end":{"line":5,"column":63}},"type":"binary-expr","locations":[{"start":{"line":5,"column":8},"end":{"line":5,"column":55}},{"start":{"line":5,"column":59},"end":{"line":5,"column":63}}]},"1":{"loc":{"start":{"line":6,"column":12},"end":{"line":6,"column":72}},"type":"binary-expr","locations":[{"start":{"line":6,"column":12},"end":{"line":6,"column":33}},{"start":{"line":6,"column":37},"end":{"line":6,"column":72}}]},"2":{"loc":{"start":{"line":11,"column":12},"end":{"line":11,"column":60}},"type":"binary-expr","locations":[{"start":{"line":11,"column":12},"end":{"line":11,"column":43}},{"start":{"line":11,"column":47},"end":{"line":11,"column":60}}]},"3":{"loc":{"start":{"line":12,"column":13},"end":{"line":12,"column":45}},"type":"binary-expr","locations":[{"start":{"line":12,"column":13},"end":{"line":12,"column":35}},{"start":{"line":12,"column":39},"end":{"line":12,"column":45}}]}},"s":{"0":4,"1":4,"2":4},"f":{},"b":{"0":[4,1],"1":[4,0],"2":[4,0],"3":[4,4]}}
,"D:\\new-bookadzone\\Setup\\Backend\\src\\constants\\pagination.ts": {"path":"D:\\new-bookadzone\\Setup\\Backend\\src\\constants\\pagination.ts","statementMap":{"0":{"start":{"line":1,"column":13},"end":{"line":5,"column":3}}},"fnMap":{},"branchMap":{},"s":{"0":1},"f":{},"b":{}}
,"D:\\new-bookadzone\\Setup\\Backend\\src\\controllers\\faq.controller.ts": {"path":"D:\\new-bookadzone\\Setup\\Backend\\src\\controllers\\faq.controller.ts","statementMap":{"0":{"start":{"line":2,"column":0},"end":{"line":2,"column":53}},"1":{"start":{"line":8,"column":4},"end":{"line":17,"column":5}},"2":{"start":{"line":9,"column":18},"end":{"line":9,"column":65}},"3":{"start":{"line":10,"column":6},"end":{"line":10,"column":57}},"4":{"start":{"line":12,"column":6},"end":{"line":16,"column":7}},"5":{"start":{"line":13,"column":8},"end":{"line":13,"column":73}},"6":{"start":{"line":15,"column":8},"end":{"line":15,"column":83}},"7":{"start":{"line":21,"column":4},"end":{"line":39,"column":5}},"8":{"start":{"line":22,"column":19},"end":{"line":22,"column":65}},"9":{"start":{"line":23,"column":20},"end":{"line":23,"column":68}},"10":{"start":{"line":25,"column":30},"end":{"line":25,"column":80}},"11":{"start":{"line":27,"column":6},"end":{"line":36,"column":9}},"12":{"start":{"line":38,"column":6},"end":{"line":38,"column":81}},"13":{"start":{"line":43,"column":4},"end":{"line":52,"column":5}},"14":{"start":{"line":44,"column":18},"end":{"line":44,"column":71}},"15":{"start":{"line":45,"column":6},"end":{"line":45,"column":57}},"16":{"start":{"line":47,"column":6},"end":{"line":51,"column":7}},"17":{"start":{"line":48,"column":8},"end":{"line":48,"column":73}},"18":{"start":{"line":50,"column":8},"end":{"line":50,"column":83}},"19":{"start":{"line":56,"column":4},"end":{"line":67,"column":5}},"20":{"start":{"line":57,"column":18},"end":{"line":57,"column":80}},"21":{"start":{"line":58,"column":6},"end":{"line":58,"column":57}},"22":{"start":{"line":60,"column":6},"end":{"line":66,"column":7}},"23":{"start":{"line":61,"column":8},"end":{"line":61,"column":73}},"24":{"start":{"line":62,"column":13},"end":{"line":66,"column":7}},"25":{"start":{"line":63,"column":8},"end":{"line":63,"column":73}},"26":{"start":{"line":65,"column":8},"end":{"line":65,"column":83}},"27":{"start":{"line":71,"column":4},"end":{"line":80,"column":5}},"28":{"start":{"line":72,"column":6},"end":{"line":72,"column":59}},"29":{"start":{"line":73,"column":6},"end":{"line":73,"column":83}},"30":{"start":{"line":75,"column":6},"end":{"line":79,"column":7}},"31":{"start":{"line":76,"column":8},"end":{"line":76,"column":73}},"32":{"start":{"line":78,"column":8},"end":{"line":78,"column":83}},"33":{"start":{"line":84,"column":4},"end":{"line":93,"column":5}},"34":{"start":{"line":85,"column":18},"end":{"line":85,"column":76}},"35":{"start":{"line":86,"column":6},"end":{"line":86,"column":57}},"36":{"start":{"line":88,"column":6},"end":{"line":92,"column":7}},"37":{"start":{"line":89,"column":8},"end":{"line":89,"column":73}},"38":{"start":{"line":91,"column":8},"end":{"line":91,"column":83}},"39":{"start":{"line":97,"column":4},"end":{"line":107,"column":5}},"40":{"start":{"line":98,"column":38},"end":{"line":98,"column":46}},"41":{"start":{"line":99,"column":21},"end":{"line":99,"column":99}},"42":{"start":{"line":100,"column":6},"end":{"line":100,"column":54}},"43":{"start":{"line":102,"column":6},"end":{"line":106,"column":7}},"44":{"start":{"line":103,"column":8},"end":{"line":103,"column":73}},"45":{"start":{"line":105,"column":8},"end":{"line":105,"column":83}},"46":{"start":{"line":4,"column":0},"end":{"line":4,"column":13}},"47":{"start":{"line":5,"column":17},"end":{"line":5,"column":55}}},"fnMap":{"0":{"name":"(anonymous_7)","decl":{"start":{"line":7,"column":2},"end":{"line":7,"column":8}},"loc":{"start":{"line":7,"column":52},"end":{"line":18,"column":null}}},"1":{"name":"(anonymous_9)","decl":{"start":{"line":20,"column":2},"end":{"line":20,"column":8}},"loc":{"start":{"line":20,"column":53},"end":{"line":40,"column":null}}},"2":{"name":"(anonymous_11)","decl":{"start":{"line":42,"column":2},"end":{"line":42,"column":8}},"loc":{"start":{"line":42,"column":53},"end":{"line":53,"column":null}}},"3":{"name":"(anonymous_13)","decl":{"start":{"line":55,"column":2},"end":{"line":55,"column":8}},"loc":{"start":{"line":55,"column":52},"end":{"line":68,"column":null}}},"4":{"name":"(anonymous_15)","decl":{"start":{"line":70,"column":2},"end":{"line":70,"column":8}},"loc":{"start":{"line":70,"column":52},"end":{"line":81,"column":null}}},"5":{"name":"(anonymous_17)","decl":{"start":{"line":83,"column":2},"end":{"line":83,"column":8}},"loc":{"start":{"line":83,"column":58},"end":{"line":94,"column":null}}},"6":{"name":"(anonymous_19)","decl":{"start":{"line":96,"column":2},"end":{"line":96,"column":8}},"loc":{"start":{"line":96,"column":60},"end":{"line":108,"column":null}}}},"branchMap":{"0":{"loc":{"start":{"line":12,"column":6},"end":{"line":16,"column":7}},"type":"if","locations":[{"start":{"line":12,"column":6},"end":{"line":16,"column":7}},{"start":{"line":14,"column":13},"end":{"line":16,"column":7}}]},"1":{"loc":{"start":{"line":22,"column":19},"end":{"line":22,"column":65}},"type":"binary-expr","locations":[{"start":{"line":22,"column":19},"end":{"line":22,"column":60}},{"start":{"line":22,"column":64},"end":{"line":22,"column":65}}]},"2":{"loc":{"start":{"line":23,"column":20},"end":{"line":23,"column":68}},"type":"binary-expr","locations":[{"start":{"line":23,"column":20},"end":{"line":23,"column":62}},{"start":{"line":23,"column":66},"end":{"line":23,"column":68}}]},"3":{"loc":{"start":{"line":47,"column":6},"end":{"line":51,"column":7}},"type":"if","locations":[{"start":{"line":47,"column":6},"end":{"line":51,"column":7}},{"start":{"line":49,"column":13},"end":{"line":51,"column":7}}]},"4":{"loc":{"start":{"line":47,"column":10},"end":{"line":47,"column":69}},"type":"binary-expr","locations":[{"start":{"line":47,"column":10},"end":{"line":47,"column":32}},{"start":{"line":47,"column":36},"end":{"line":47,"column":69}}]},"5":{"loc":{"start":{"line":60,"column":6},"end":{"line":66,"column":7}},"type":"if","locations":[{"start":{"line":60,"column":6},"end":{"line":66,"column":7}},{"start":{"line":62,"column":13},"end":{"line":66,"column":7}}]},"6":{"loc":{"start":{"line":60,"column":10},"end":{"line":60,"column":69}},"type":"binary-expr","locations":[{"start":{"line":60,"column":10},"end":{"line":60,"column":32}},{"start":{"line":60,"column":36},"end":{"line":60,"column":69}}]},"7":{"loc":{"start":{"line":62,"column":13},"end":{"line":66,"column":7}},"type":"if","locations":[{"start":{"line":62,"column":13},"end":{"line":66,"column":7}},{"start":{"line":64,"column":13},"end":{"line":66,"column":7}}]},"8":{"loc":{"start":{"line":75,"column":6},"end":{"line":79,"column":7}},"type":"if","locations":[{"start":{"line":75,"column":6},"end":{"line":79,"column":7}},{"start":{"line":77,"column":13},"end":{"line":79,"column":7}}]},"9":{"loc":{"start":{"line":75,"column":10},"end":{"line":75,"column":69}},"type":"binary-expr","locations":[{"start":{"line":75,"column":10},"end":{"line":75,"column":32}},{"start":{"line":75,"column":36},"end":{"line":75,"column":69}}]},"10":{"loc":{"start":{"line":88,"column":6},"end":{"line":92,"column":7}},"type":"if","locations":[{"start":{"line":88,"column":6},"end":{"line":92,"column":7}},{"start":{"line":90,"column":13},"end":{"line":92,"column":7}}]},"11":{"loc":{"start":{"line":88,"column":10},"end":{"line":88,"column":69}},"type":"binary-expr","locations":[{"start":{"line":88,"column":10},"end":{"line":88,"column":32}},{"start":{"line":88,"column":36},"end":{"line":88,"column":69}}]},"12":{"loc":{"start":{"line":102,"column":6},"end":{"line":106,"column":7}},"type":"if","locations":[{"start":{"line":102,"column":6},"end":{"line":106,"column":7}},{"start":{"line":104,"column":13},"end":{"line":106,"column":7}}]}},"s":{"0":3,"1":2,"2":2,"3":1,"4":1,"5":1,"6":0,"7":1,"8":1,"9":1,"10":1,"11":1,"12":0,"13":2,"14":2,"15":1,"16":1,"17":1,"18":0,"19":4,"20":4,"21":1,"22":3,"23":1,"24":2,"25":1,"26":1,"27":3,"28":3,"29":1,"30":2,"31":1,"32":1,"33":3,"34":3,"35":1,"36":2,"37":1,"38":1,"39":3,"40":3,"41":3,"42":1,"43":2,"44":1,"45":1,"46":3,"47":3},"f":{"0":2,"1":1,"2":2,"3":4,"4":3,"5":3,"6":3},"b":{"0":[1,0],"1":[1,0],"2":[1,0],"3":[1,0],"4":[1,1],"5":[1,2],"6":[3,2],"7":[1,1],"8":[1,1],"9":[2,1],"10":[1,1],"11":[2,1],"12":[1,1]}}
,"D:\\new-bookadzone\\Setup\\Backend\\src\\middlewares\\error.middleware.ts": {"path":"D:\\new-bookadzone\\Setup\\Backend\\src\\middlewares\\error.middleware.ts","statementMap":{"0":{"start":{"line":3,"column":27},"end":{"line":38,"column":1}},"1":{"start":{"line":5,"column":2},"end":{"line":7,"column":3}},"2":{"start":{"line":6,"column":4},"end":{"line":6,"column":21}},"3":{"start":{"line":10,"column":2},"end":{"line":10,"column":33}},"4":{"start":{"line":12,"column":2},"end":{"line":37,"column":3}},"5":{"start":{"line":14,"column":4},"end":{"line":19,"column":5}},"6":{"start":{"line":15,"column":6},"end":{"line":18,"column":9}},"7":{"start":{"line":21,"column":21},"end":{"line":24,"column":6}},"8":{"start":{"line":26,"column":4},"end":{"line":28,"column":5}},"9":{"start":{"line":27,"column":6},"end":{"line":27,"column":52}},"10":{"start":{"line":30,"column":4},"end":{"line":30,"column":42}},"11":{"start":{"line":33,"column":4},"end":{"line":36,"column":7}},"12":{"start":{"line":40,"column":0},"end":{"line":40,"column":34}}},"fnMap":{"0":{"name":"(anonymous_0)","decl":{"start":{"line":3,"column":27},"end":{"line":3,"column":28}},"loc":{"start":{"line":3,"column":89},"end":{"line":38,"column":1}}}},"branchMap":{"0":{"loc":{"start":{"line":5,"column":2},"end":{"line":7,"column":3}},"type":"if","locations":[{"start":{"line":5,"column":2},"end":{"line":7,"column":3}},{"start":{},"end":{}}]},"1":{"loc":{"start":{"line":14,"column":4},"end":{"line":19,"column":5}},"type":"if","locations":[{"start":{"line":14,"column":4},"end":{"line":19,"column":5}},{"start":{},"end":{}}]},"2":{"loc":{"start":{"line":14,"column":8},"end":{"line":14,"column":79}},"type":"binary-expr","locations":[{"start":{"line":14,"column":8},"end":{"line":14,"column":39}},{"start":{"line":14,"column":43},"end":{"line":14,"column":79}}]},"3":{"loc":{"start":{"line":14,"column":8},"end":{"line":14,"column":17}},"type":"cond-expr","locations":[{"start":{"line":14,"column":11},"end":{"line":14,"column":13}},{"start":{"line":14,"column":8},"end":{"line":14,"column":17}}]},"4":{"loc":{"start":{"line":14,"column":8},"end":{"line":14,"column":13}},"type":"binary-expr","locations":[{"start":{"line":14,"column":8},"end":{"line":14,"column":13}},{"start":{"line":14,"column":8},"end":{"line":14,"column":13}}]},"5":{"loc":{"start":{"line":14,"column":43},"end":{"line":14,"column":52}},"type":"cond-expr","locations":[{"start":{"line":14,"column":46},"end":{"line":14,"column":48}},{"start":{"line":14,"column":43},"end":{"line":14,"column":52}}]},"6":{"loc":{"start":{"line":14,"column":43},"end":{"line":14,"column":48}},"type":"binary-expr","locations":[{"start":{"line":14,"column":43},"end":{"line":14,"column":48}},{"start":{"line":14,"column":43},"end":{"line":14,"column":48}}]},"7":{"loc":{"start":{"line":17,"column":17},"end":{"line":17,"column":47}},"type":"binary-expr","locations":[{"start":{"line":17,"column":17},"end":{"line":17,"column":28}},{"start":{"line":17,"column":32},"end":{"line":17,"column":47}}]},"8":{"loc":{"start":{"line":26,"column":4},"end":{"line":28,"column":5}},"type":"if","locations":[{"start":{"line":26,"column":4},"end":{"line":28,"column":5}},{"start":{},"end":{}}]}},"s":{"0":4,"1":10,"2":0,"3":10,"4":10,"5":10,"6":4,"7":6,"8":6,"9":2,"10":6,"11":0,"12":4},"f":{"0":10},"b":{"0":[0,10],"1":[4,6],"2":[10,7],"3":[0,10],"4":[10,10],"5":[0,7],"6":[7,7],"7":[4,0],"8":[2,4]}}
,"D:\\new-bookadzone\\Setup\\Backend\\src\\middlewares\\normalizeData.middleware.ts": {"path":"D:\\new-bookadzone\\Setup\\Backend\\src\\middlewares\\normalizeData.middleware.ts","statementMap":{"0":{"start":{"line":3,"column":23},"end":{"line":10,"column":1}},"1":{"start":{"line":4,"column":2},"end":{"line":8,"column":3}},"2":{"start":{"line":5,"column":4},"end":{"line":5,"column":24}},"3":{"start":{"line":6,"column":9},"end":{"line":8,"column":3}},"4":{"start":{"line":7,"column":4},"end":{"line":7,"column":34}},"5":{"start":{"line":9,"column":2},"end":{"line":9,"column":15}},"6":{"start":{"line":12,"column":24},"end":{"line":18,"column":1}},"7":{"start":{"line":13,"column":26},"end":{"line":13,"column":28}},"8":{"start":{"line":14,"column":2},"end":{"line":16,"column":3}},"9":{"start":{"line":15,"column":4},"end":{"line":15,"column":44}},"10":{"start":{"line":17,"column":2},"end":{"line":17,"column":20}},"11":{"start":{"line":20,"column":34},"end":{"line":25,"column":1}},"12":{"start":{"line":21,"column":2},"end":{"line":23,"column":3}},"13":{"start":{"line":22,"column":4},"end":{"line":22,"column":41}},"14":{"start":{"line":24,"column":2},"end":{"line":24,"column":9}},"15":{"start":{"line":20,"column":13},"end":{"line":20,"column":34}}},"fnMap":{"0":{"name":"(anonymous_0)","decl":{"start":{"line":3,"column":23},"end":{"line":3,"column":24}},"loc":{"start":{"line":3,"column":43},"end":{"line":10,"column":1}}},"1":{"name":"(anonymous_1)","decl":{"start":{"line":12,"column":24},"end":{"line":12,"column":25}},"loc":{"start":{"line":12,"column":42},"end":{"line":18,"column":1}}},"2":{"name":"(anonymous_2)","decl":{"start":{"line":20,"column":34},"end":{"line":20,"column":35}},"loc":{"start":{"line":20,"column":92},"end":{"line":25,"column":1}}}},"branchMap":{"0":{"loc":{"start":{"line":4,"column":2},"end":{"line":8,"column":3}},"type":"if","locations":[{"start":{"line":4,"column":2},"end":{"line":8,"column":3}},{"start":{"line":6,"column":9},"end":{"line":8,"column":3}}]},"1":{"loc":{"start":{"line":6,"column":9},"end":{"line":8,"column":3}},"type":"if","locations":[{"start":{"line":6,"column":9},"end":{"line":8,"column":3}},{"start":{},"end":{}}]},"2":{"loc":{"start":{"line":6,"column":13},"end":{"line":6,"column":56}},"type":"binary-expr","locations":[{"start":{"line":6,"column":13},"end":{"line":6,"column":38}},{"start":{"line":6,"column":42},"end":{"line":6,"column":56}}]},"3":{"loc":{"start":{"line":21,"column":2},"end":{"line":23,"column":3}},"type":"if","locations":[{"start":{"line":21,"column":2},"end":{"line":23,"column":3}},{"start":{},"end":{}}]},"4":{"loc":{"start":{"line":21,"column":6},"end":{"line":21,"column":46}},"type":"binary-expr","locations":[{"start":{"line":21,"column":6},"end":{"line":21,"column":14}},{"start":{"line":21,"column":18},"end":{"line":21,"column":46}}]}},"s":{"0":2,"1":21,"2":7,"3":14,"4":5,"5":9,"6":2,"7":11,"8":11,"9":21,"10":11,"11":2,"12":9,"13":6,"14":9,"15":2},"f":{"0":21,"1":11,"2":9},"b":{"0":[7,14],"1":[5,9],"2":[14,7],"3":[6,3],"4":[9,6]}}
,"D:\\new-bookadzone\\Setup\\Backend\\src\\middlewares\\rateLimit.middleware.ts": {"path":"D:\\new-bookadzone\\Setup\\Backend\\src\\middlewares\\rateLimit.middleware.ts","statementMap":{"0":{"start":{"line":1,"column":0},"end":{"line":1,"column":43}},"1":{"start":{"line":2,"column":0},"end":{"line":2,"column":36}},"2":{"start":{"line":4,"column":13},"end":{"line":8,"column":3}}},"fnMap":{},"branchMap":{},"s":{"0":1,"1":1,"2":1},"f":{},"b":{}}
,"D:\\new-bookadzone\\Setup\\Backend\\src\\models\\faq.model.ts": {"path":"D:\\new-bookadzone\\Setup\\Backend\\src\\models\\faq.model.ts","statementMap":{"0":{"start":{"line":1,"column":0},"end":{"line":1,"column":51}},"1":{"start":{"line":11,"column":18},"end":{"line":17,"column":null}},"2":{"start":{"line":20,"column":13},"end":{"line":20,"column":54}}},"fnMap":{},"branchMap":{},"s":{"0":6,"1":6,"2":6},"f":{},"b":{}}
,"D:\\new-bookadzone\\Setup\\Backend\\src\\repositories\\base.repository.ts": {"path":"D:\\new-bookadzone\\Setup\\Backend\\src\\repositories\\base.repository.ts","statementMap":{"0":{"start":{"line":1,"column":0},"end":{"line":1,"column":53}},"1":{"start":{"line":2,"column":0},"end":{"line":2,"column":67}},"2":{"start":{"line":20,"column":21},"end":{"line":20,"column":36}},"3":{"start":{"line":21,"column":21},"end":{"line":21,"column":40}},"4":{"start":{"line":25,"column":4},"end":{"line":50,"column":null}},"5":{"start":{"line":30,"column":26},"end":{"line":30,"column":43}},"6":{"start":{"line":31,"column":27},"end":{"line":31,"column":84}},"7":{"start":{"line":32,"column":17},"end":{"line":32,"column":53}},"8":{"start":{"line":34,"column":26},"end":{"line":41,"column":6}},"9":{"start":{"line":43,"column":4},"end":{"line":49,"column":6}},"10":{"start":{"line":53,"column":4},"end":{"line":55,"column":5}},"11":{"start":{"line":54,"column":6},"end":{"line":54,"column":18}},"12":{"start":{"line":57,"column":21},"end":{"line":57,"column":50}},"13":{"start":{"line":58,"column":4},"end":{"line":60,"column":5}},"14":{"start":{"line":59,"column":6},"end":{"line":59,"column":18}},"15":{"start":{"line":63,"column":27},"end":{"line":63,"column":50}},"16":{"start":{"line":64,"column":5},"end":{"line":64,"column":46}},"17":{"start":{"line":65,"column":4},"end":{"line":65,"column":33}},"18":{"start":{"line":69,"column":4},"end":{"line":71,"column":5}},"19":{"start":{"line":70,"column":6},"end":{"line":70,"column":46}},"20":{"start":{"line":73,"column":23},"end":{"line":75,"column":6}},"21":{"start":{"line":77,"column":4},"end":{"line":79,"column":5}},"22":{"start":{"line":78,"column":6},"end":{"line":78,"column":66}},"23":{"start":{"line":81,"column":24},"end":{"line":81,"column":55}},"24":{"start":{"line":82,"column":4},"end":{"line":82,"column":25}},"25":{"start":{"line":18,"column":0},"end":{"line":18,"column":13}}},"fnMap":{"0":{"name":"(anonymous_8)","decl":{"start":{"line":19,"column":2},"end":{"line":19,"column":null}},"loc":{"start":{"line":21,"column":40},"end":{"line":22,"column":6}}},"1":{"name":"(anonymous_9)","decl":{"start":{"line":24,"column":8},"end":{"line":24,"column":20}},"loc":{"start":{"line":24,"column":20},"end":{"line":50,"column":null}}},"2":{"name":"(anonymous_10)","decl":{"start":{"line":25,"column":4},"end":{"line":25,"column":19}},"loc":{"start":{"line":27,"column":36},"end":{"line":50,"column":3}}},"3":{"name":"(anonymous_11)","decl":{"start":{"line":52,"column":8},"end":{"line":52,"column":20}},"loc":{"start":{"line":52,"column":31},"end":{"line":66,"column":null}}},"4":{"name":"(anonymous_13)","decl":{"start":{"line":68,"column":8},"end":{"line":68,"column":22}},"loc":{"start":{"line":68,"column":71},"end":{"line":83,"column":null}}}},"branchMap":{"0":{"loc":{"start":{"line":25,"column":4},"end":{"line":25,"column":49}},"type":"default-arg","locations":[{"start":{"line":25,"column":19},"end":{"line":25,"column":49}}]},"1":{"loc":{"start":{"line":26,"column":4},"end":{"line":26,"column":51}},"type":"default-arg","locations":[{"start":{"line":26,"column":20},"end":{"line":26,"column":51}}]},"2":{"loc":{"start":{"line":27,"column":4},"end":{"line":27,"column":36}},"type":"default-arg","locations":[{"start":{"line":27,"column":34},"end":{"line":27,"column":36}}]},"3":{"loc":{"start":{"line":53,"column":4},"end":{"line":55,"column":5}},"type":"if","locations":[{"start":{"line":53,"column":4},"end":{"line":55,"column":5}},{"start":{},"end":{}}]},"4":{"loc":{"start":{"line":58,"column":4},"end":{"line":60,"column":5}},"type":"if","locations":[{"start":{"line":58,"column":4},"end":{"line":60,"column":5}},{"start":{},"end":{}}]},"5":{"loc":{"start":{"line":69,"column":4},"end":{"line":71,"column":5}},"type":"if","locations":[{"start":{"line":69,"column":4},"end":{"line":71,"column":5}},{"start":{},"end":{}}]},"6":{"loc":{"start":{"line":69,"column":8},"end":{"line":69,"column":43}},"type":"binary-expr","locations":[{"start":{"line":69,"column":8},"end":{"line":69,"column":14}},{"start":{"line":69,"column":18},"end":{"line":69,"column":43}}]},"7":{"loc":{"start":{"line":77,"column":4},"end":{"line":79,"column":5}},"type":"if","locations":[{"start":{"line":77,"column":4},"end":{"line":79,"column":5}},{"start":{},"end":{}}]},"8":{"loc":{"start":{"line":77,"column":8},"end":{"line":77,"column":63}},"type":"binary-expr","locations":[{"start":{"line":77,"column":8},"end":{"line":77,"column":17}},{"start":{"line":77,"column":21},"end":{"line":77,"column":63}}]}},"s":{"0":5,"1":5,"2":31,"3":31,"4":8,"5":8,"6":8,"7":8,"8":8,"9":8,"10":5,"11":1,"12":4,"13":4,"14":1,"15":3,"16":3,"17":3,"18":6,"19":1,"20":5,"21":5,"22":1,"23":5,"24":5,"25":5},"f":{"0":31,"1":8,"2":8,"3":5,"4":6},"b":{"0":[2],"1":[2],"2":[5],"3":[1,4],"4":[1,3],"5":[1,5],"6":[6,5],"7":[1,4],"8":[5,2]}}
,"D:\\new-bookadzone\\Setup\\Backend\\src\\repositories\\faq.repository.ts": {"path":"D:\\new-bookadzone\\Setup\\Backend\\src\\repositories\\faq.repository.ts","statementMap":{"0":{"start":{"line":1,"column":0},"end":{"line":1,"column":32}},"1":{"start":{"line":2,"column":0},"end":{"line":2,"column":53}},"2":{"start":{"line":3,"column":0},"end":{"line":3,"column":50}},"3":{"start":{"line":4,"column":0},"end":{"line":4,"column":49}},"4":{"start":{"line":5,"column":0},"end":{"line":5,"column":51}},"5":{"start":{"line":9,"column":4},"end":{"line":9,"column":32}},"6":{"start":{"line":13,"column":4},"end":{"line":13,"column":22}},"7":{"start":{"line":14,"column":28},"end":{"line":14,"column":69}},"8":{"start":{"line":15,"column":4},"end":{"line":15,"column":71}},"9":{"start":{"line":18,"column":15},"end":{"line":27,"column":null}},"10":{"start":{"line":19,"column":19},"end":{"line":19,"column":63}},"11":{"start":{"line":20,"column":4},"end":{"line":26,"column":6}},"12":{"start":{"line":30,"column":4},"end":{"line":32,"column":5}},"13":{"start":{"line":31,"column":6},"end":{"line":31,"column":18}},"14":{"start":{"line":33,"column":4},"end":{"line":33,"column":39}},"15":{"start":{"line":37,"column":4},"end":{"line":39,"column":5}},"16":{"start":{"line":38,"column":6},"end":{"line":38,"column":18}},"17":{"start":{"line":41,"column":4},"end":{"line":43,"column":5}},"18":{"start":{"line":42,"column":6},"end":{"line":42,"column":111}},"19":{"start":{"line":45,"column":28},"end":{"line":45,"column":76}},"20":{"start":{"line":46,"column":4},"end":{"line":50,"column":6}},"21":{"start":{"line":54,"column":4},"end":{"line":56,"column":5}},"22":{"start":{"line":55,"column":6},"end":{"line":55,"column":18}},"23":{"start":{"line":57,"column":4},"end":{"line":57,"column":48}},"24":{"start":{"line":7,"column":0},"end":{"line":7,"column":13}}},"fnMap":{"0":{"name":"(anonymous_8)","decl":{"start":{"line":8,"column":2},"end":{"line":8,"column":null}},"loc":{"start":{"line":8,"column":2},"end":{"line":10,"column":3}}},"1":{"name":"(anonymous_9)","decl":{"start":{"line":12,"column":8},"end":{"line":12,"column":14}},"loc":{"start":{"line":12,"column":34},"end":{"line":16,"column":null}}},"2":{"name":"(anonymous_11)","decl":{"start":{"line":18,"column":8},"end":{"line":18,"column":14}},"loc":{"start":{"line":18,"column":14},"end":{"line":27,"column":null}}},"3":{"name":"(anonymous_12)","decl":{"start":{"line":18,"column":15},"end":{"line":18,"column":28}},"loc":{"start":{"line":18,"column":78},"end":{"line":27,"column":3}}},"4":{"name":"(anonymous_13)","decl":{"start":{"line":29,"column":8},"end":{"line":29,"column":15}},"loc":{"start":{"line":29,"column":26},"end":{"line":34,"column":null}}},"5":{"name":"(anonymous_15)","decl":{"start":{"line":36,"column":8},"end":{"line":36,"column":18}},"loc":{"start":{"line":36,"column":50},"end":{"line":51,"column":null}}},"6":{"name":"(anonymous_17)","decl":{"start":{"line":53,"column":8},"end":{"line":53,"column":18}},"loc":{"start":{"line":53,"column":29},"end":{"line":58,"column":null}}}},"branchMap":{"0":{"loc":{"start":{"line":14,"column":28},"end":{"line":14,"column":69}},"type":"cond-expr","locations":[{"start":{"line":14,"column":42},"end":{"line":14,"column":64}},{"start":{"line":14,"column":67},"end":{"line":14,"column":69}}]},"1":{"loc":{"start":{"line":18,"column":46},"end":{"line":18,"column":78}},"type":"default-arg","locations":[{"start":{"line":18,"column":76},"end":{"line":18,"column":78}}]},"2":{"loc":{"start":{"line":30,"column":4},"end":{"line":32,"column":5}},"type":"if","locations":[{"start":{"line":30,"column":4},"end":{"line":32,"column":5}},{"start":{},"end":{}}]},"3":{"loc":{"start":{"line":37,"column":4},"end":{"line":39,"column":5}},"type":"if","locations":[{"start":{"line":37,"column":4},"end":{"line":39,"column":5}},{"start":{},"end":{}}]},"4":{"loc":{"start":{"line":41,"column":4},"end":{"line":43,"column":5}},"type":"if","locations":[{"start":{"line":41,"column":4},"end":{"line":43,"column":5}},{"start":{},"end":{}}]},"5":{"loc":{"start":{"line":42,"column":39},"end":{"line":42,"column":69}},"type":"binary-expr","locations":[{"start":{"line":42,"column":39},"end":{"line":42,"column":52}},{"start":{"line":42,"column":56},"end":{"line":42,"column":69}}]},"6":{"loc":{"start":{"line":42,"column":79},"end":{"line":42,"column":107}},"type":"binary-expr","locations":[{"start":{"line":42,"column":79},"end":{"line":42,"column":90}},{"start":{"line":42,"column":94},"end":{"line":42,"column":107}}]},"7":{"loc":{"start":{"line":45,"column":28},"end":{"line":45,"column":76}},"type":"cond-expr","locations":[{"start":{"line":45,"column":42},"end":{"line":45,"column":64}},{"start":{"line":45,"column":67},"end":{"line":45,"column":76}}]},"8":{"loc":{"start":{"line":54,"column":4},"end":{"line":56,"column":5}},"type":"if","locations":[{"start":{"line":54,"column":4},"end":{"line":56,"column":5}},{"start":{},"end":{}}]}},"s":{"0":4,"1":4,"2":4,"3":4,"4":4,"5":15,"6":3,"7":2,"8":2,"9":2,"10":2,"11":2,"12":3,"13":1,"14":2,"15":3,"16":1,"17":2,"18":2,"19":2,"20":2,"21":2,"22":1,"23":1,"24":4},"f":{"0":15,"1":3,"2":2,"3":2,"4":3,"5":3,"6":2},"b":{"0":[2,0],"1":[2],"2":[1,2],"3":[1,2],"4":[2,0],"5":[2,1],"6":[2,0],"7":[2,0],"8":[1,1]}}
,"D:\\new-bookadzone\\Setup\\Backend\\src\\routes\\faq.routes.ts": {"path":"D:\\new-bookadzone\\Setup\\Backend\\src\\routes\\faq.routes.ts","statementMap":{"0":{"start":{"line":1,"column":0},"end":{"line":1,"column":33}},"1":{"start":{"line":2,"column":0},"end":{"line":2,"column":62}},"2":{"start":{"line":4,"column":15},"end":{"line":4,"column":23}},"3":{"start":{"line":7,"column":0},"end":{"line":7,"column":48}},"4":{"start":{"line":8,"column":0},"end":{"line":8,"column":49}},"5":{"start":{"line":9,"column":0},"end":{"line":9,"column":52}},"6":{"start":{"line":10,"column":0},"end":{"line":10,"column":54}},"7":{"start":{"line":11,"column":0},"end":{"line":11,"column":57}},"8":{"start":{"line":12,"column":0},"end":{"line":12,"column":65}},"9":{"start":{"line":13,"column":0},"end":{"line":13,"column":65}},"10":{"start":{"line":15,"column":0},"end":{"line":15,"column":22}}},"fnMap":{},"branchMap":{},"s":{"0":2,"1":2,"2":2,"3":2,"4":2,"5":2,"6":2,"7":2,"8":2,"9":2,"10":2},"f":{},"b":{}}
,"D:\\new-bookadzone\\Setup\\Backend\\src\\routes\\index.ts": {"path":"D:\\new-bookadzone\\Setup\\Backend\\src\\routes\\index.ts","statementMap":{"0":{"start":{"line":2,"column":0},"end":{"line":2,"column":37}},"1":{"start":{"line":4,"column":17},"end":{"line":4,"column":26}},"2":{"start":{"line":6,"column":30},"end":{"line":9,"column":1}},"3":{"start":{"line":8,"column":2},"end":{"line":8,"column":41}},"4":{"start":{"line":6,"column":13},"end":{"line":6,"column":30}}},"fnMap":{"0":{"name":"(anonymous_1)","decl":{"start":{"line":6,"column":30},"end":{"line":6,"column":31}},"loc":{"start":{"line":6,"column":53},"end":{"line":9,"column":1}}}},"branchMap":{},"s":{"0":3,"1":3,"2":3,"3":8,"4":3},"f":{"0":8},"b":{}}
,"D:\\new-bookadzone\\Setup\\Backend\\src\\services\\base.service.ts": {"path":"D:\\new-bookadzone\\Setup\\Backend\\src\\services\\base.service.ts","statementMap":{"0":{"start":{"line":6,"column":14},"end":{"line":6,"column":44}},"1":{"start":{"line":7,"column":14},"end":{"line":7,"column":32}},"2":{"start":{"line":11,"column":21},"end":{"line":11,"column":59}},"3":{"start":{"line":12,"column":4},"end":{"line":14,"column":5}},"4":{"start":{"line":13,"column":6},"end":{"line":13,"column":54}},"5":{"start":{"line":15,"column":4},"end":{"line":15,"column":20}},"6":{"start":{"line":19,"column":4},"end":{"line":21,"column":5}},"7":{"start":{"line":20,"column":6},"end":{"line":20,"column":46}},"8":{"start":{"line":22,"column":4},"end":{"line":22,"column":73}},"9":{"start":{"line":4,"column":0},"end":{"line":4,"column":13}}},"fnMap":{"0":{"name":"(anonymous_7)","decl":{"start":{"line":5,"column":2},"end":{"line":5,"column":null}},"loc":{"start":{"line":7,"column":32},"end":{"line":8,"column":6}}},"1":{"name":"(anonymous_8)","decl":{"start":{"line":10,"column":8},"end":{"line":10,"column":20}},"loc":{"start":{"line":10,"column":31},"end":{"line":16,"column":null}}},"2":{"name":"(anonymous_10)","decl":{"start":{"line":18,"column":8},"end":{"line":18,"column":22}},"loc":{"start":{"line":18,"column":71},"end":{"line":23,"column":null}}}},"branchMap":{"0":{"loc":{"start":{"line":12,"column":4},"end":{"line":14,"column":5}},"type":"if","locations":[{"start":{"line":12,"column":4},"end":{"line":14,"column":5}},{"start":{},"end":{}}]},"1":{"loc":{"start":{"line":19,"column":4},"end":{"line":21,"column":5}},"type":"if","locations":[{"start":{"line":19,"column":4},"end":{"line":21,"column":5}},{"start":{},"end":{}}]},"2":{"loc":{"start":{"line":19,"column":8},"end":{"line":19,"column":43}},"type":"binary-expr","locations":[{"start":{"line":19,"column":8},"end":{"line":19,"column":14}},{"start":{"line":19,"column":18},"end":{"line":19,"column":43}}]}},"s":{"0":10,"1":10,"2":2,"3":2,"4":1,"5":1,"6":5,"7":2,"8":3,"9":4},"f":{"0":10,"1":2,"2":5},"b":{"0":[1,1],"1":[2,3],"2":[5,4]}}
,"D:\\new-bookadzone\\Setup\\Backend\\src\\services\\faq.service.ts": {"path":"D:\\new-bookadzone\\Setup\\Backend\\src\\services\\faq.service.ts","statementMap":{"0":{"start":{"line":2,"column":0},"end":{"line":2,"column":45}},"1":{"start":{"line":3,"column":0},"end":{"line":3,"column":63}},"2":{"start":{"line":10,"column":23},"end":{"line":10,"column":42}},"3":{"start":{"line":11,"column":4},"end":{"line":11,"column":29}},"4":{"start":{"line":12,"column":4},"end":{"line":12,"column":36}},"5":{"start":{"line":16,"column":4},"end":{"line":18,"column":5}},"6":{"start":{"line":17,"column":6},"end":{"line":17,"column":45}},"7":{"start":{"line":19,"column":4},"end":{"line":19,"column":31}},"8":{"start":{"line":24,"column":4},"end":{"line":29,"column":5}},"9":{"start":{"line":25,"column":26},"end":{"line":25,"column":78}},"10":{"start":{"line":26,"column":6},"end":{"line":28,"column":7}},"11":{"start":{"line":27,"column":8},"end":{"line":27,"column":67}},"12":{"start":{"line":30,"column":4},"end":{"line":30,"column":49}},"13":{"start":{"line":33,"column":15},"end":{"line":35,"column":null}},"14":{"start":{"line":34,"column":4},"end":{"line":34,"column":56}},"15":{"start":{"line":38,"column":16},"end":{"line":38,"column":52}},"16":{"start":{"line":39,"column":4},"end":{"line":41,"column":5}},"17":{"start":{"line":40,"column":6},"end":{"line":40,"column":39}},"18":{"start":{"line":42,"column":4},"end":{"line":42,"column":15}},"19":{"start":{"line":47,"column":4},"end":{"line":52,"column":5}},"20":{"start":{"line":48,"column":26},"end":{"line":48,"column":82}},"21":{"start":{"line":49,"column":6},"end":{"line":51,"column":7}},"22":{"start":{"line":50,"column":8},"end":{"line":50,"column":67}},"23":{"start":{"line":53,"column":16},"end":{"line":53,"column":61}},"24":{"start":{"line":54,"column":4},"end":{"line":56,"column":5}},"25":{"start":{"line":55,"column":6},"end":{"line":55,"column":39}},"26":{"start":{"line":57,"column":4},"end":{"line":57,"column":15}},"27":{"start":{"line":61,"column":16},"end":{"line":61,"column":55}},"28":{"start":{"line":62,"column":4},"end":{"line":64,"column":5}},"29":{"start":{"line":63,"column":6},"end":{"line":63,"column":39}},"30":{"start":{"line":65,"column":4},"end":{"line":65,"column":15}},"31":{"start":{"line":5,"column":0},"end":{"line":5,"column":13}}},"fnMap":{"0":{"name":"(anonymous_7)","decl":{"start":{"line":9,"column":2},"end":{"line":9,"column":null}},"loc":{"start":{"line":9,"column":2},"end":{"line":13,"column":3}}},"1":{"name":"(anonymous_8)","decl":{"start":{"line":15,"column":2},"end":{"line":15,"column":8}},"loc":{"start":{"line":15,"column":20},"end":{"line":20,"column":3}}},"2":{"name":"(anonymous_9)","decl":{"start":{"line":22,"column":8},"end":{"line":22,"column":14}},"loc":{"start":{"line":22,"column":34},"end":{"line":31,"column":null}}},"3":{"name":"(anonymous_11)","decl":{"start":{"line":33,"column":8},"end":{"line":33,"column":14}},"loc":{"start":{"line":33,"column":14},"end":{"line":35,"column":null}}},"4":{"name":"(anonymous_12)","decl":{"start":{"line":33,"column":15},"end":{"line":33,"column":30}},"loc":{"start":{"line":33,"column":51},"end":{"line":35,"column":3}}},"5":{"name":"(anonymous_13)","decl":{"start":{"line":37,"column":8},"end":{"line":37,"column":15}},"loc":{"start":{"line":37,"column":26},"end":{"line":43,"column":null}}},"6":{"name":"(anonymous_15)","decl":{"start":{"line":45,"column":8},"end":{"line":45,"column":14}},"loc":{"start":{"line":45,"column":46},"end":{"line":58,"column":null}}},"7":{"name":"(anonymous_17)","decl":{"start":{"line":60,"column":8},"end":{"line":60,"column":14}},"loc":{"start":{"line":60,"column":25},"end":{"line":66,"column":null}}}},"branchMap":{"0":{"loc":{"start":{"line":16,"column":4},"end":{"line":18,"column":5}},"type":"if","locations":[{"start":{"line":16,"column":4},"end":{"line":18,"column":5}},{"start":{},"end":{}}]},"1":{"loc":{"start":{"line":24,"column":4},"end":{"line":29,"column":5}},"type":"if","locations":[{"start":{"line":24,"column":4},"end":{"line":29,"column":5}},{"start":{},"end":{}}]},"2":{"loc":{"start":{"line":26,"column":6},"end":{"line":28,"column":7}},"type":"if","locations":[{"start":{"line":26,"column":6},"end":{"line":28,"column":7}},{"start":{},"end":{}}]},"3":{"loc":{"start":{"line":33,"column":15},"end":{"line":33,"column":31}},"type":"default-arg","locations":[{"start":{"line":33,"column":30},"end":{"line":33,"column":31}}]},"4":{"loc":{"start":{"line":33,"column":33},"end":{"line":33,"column":51}},"type":"default-arg","locations":[{"start":{"line":33,"column":49},"end":{"line":33,"column":51}}]},"5":{"loc":{"start":{"line":39,"column":4},"end":{"line":41,"column":5}},"type":"if","locations":[{"start":{"line":39,"column":4},"end":{"line":41,"column":5}},{"start":{},"end":{}}]},"6":{"loc":{"start":{"line":47,"column":4},"end":{"line":52,"column":5}},"type":"if","locations":[{"start":{"line":47,"column":4},"end":{"line":52,"column":5}},{"start":{},"end":{}}]},"7":{"loc":{"start":{"line":49,"column":6},"end":{"line":51,"column":7}},"type":"if","locations":[{"start":{"line":49,"column":6},"end":{"line":51,"column":7}},{"start":{},"end":{}}]},"8":{"loc":{"start":{"line":54,"column":4},"end":{"line":56,"column":5}},"type":"if","locations":[{"start":{"line":54,"column":4},"end":{"line":56,"column":5}},{"start":{},"end":{}}]},"9":{"loc":{"start":{"line":62,"column":4},"end":{"line":64,"column":5}},"type":"if","locations":[{"start":{"line":62,"column":4},"end":{"line":64,"column":5}},{"start":{},"end":{}}]}},"s":{"0":3,"1":3,"2":3,"3":3,"4":3,"5":12,"6":3,"7":12,"8":2,"9":2,"10":2,"11":1,"12":1,"13":1,"14":1,"15":2,"16":2,"17":1,"18":1,"19":3,"20":3,"21":3,"22":1,"23":2,"24":2,"25":1,"26":1,"27":2,"28":2,"29":1,"30":1,"31":3},"f":{"0":3,"1":12,"2":2,"3":1,"4":1,"5":2,"6":3,"7":2},"b":{"0":[3,9],"1":[2,0],"2":[1,1],"3":[0],"4":[0],"5":[1,1],"6":[3,0],"7":[1,2],"8":[1,1],"9":[1,1]}}
,"D:\\new-bookadzone\\Setup\\Backend\\src\\shared\\constants\\pagination.ts": {"path":"D:\\new-bookadzone\\Setup\\Backend\\src\\shared\\constants\\pagination.ts","statementMap":{"0":{"start":{"line":1,"column":13},"end":{"line":6,"column":11}}},"fnMap":{},"branchMap":{},"s":{"0":5},"f":{},"b":{}}
,"D:\\new-bookadzone\\Setup\\Backend\\src\\utils\\catchAsync.ts": {"path":"D:\\new-bookadzone\\Setup\\Backend\\src\\utils\\catchAsync.ts","statementMap":{"0":{"start":{"line":3,"column":0},"end":{"line":6,"column":4}},"1":{"start":{"line":4,"column":2},"end":{"line":6,"column":3}},"2":{"start":{"line":5,"column":4},"end":{"line":5,"column":35}}},"fnMap":{"0":{"name":"(anonymous_0)","decl":{"start":{"line":3,"column":15},"end":{"line":3,"column":16}},"loc":{"start":{"line":4,"column":2},"end":{"line":6,"column":3}}},"1":{"name":"(anonymous_1)","decl":{"start":{"line":4,"column":2},"end":{"line":4,"column":3}},"loc":{"start":{"line":4,"column":54},"end":{"line":6,"column":3}}}},"branchMap":{},"s":{"0":1,"1":2,"2":2},"f":{"0":2,"1":2},"b":{}}
,"D:\\new-bookadzone\\Setup\\Backend\\src\\utils\\sanitizeHtml.ts": {"path":"D:\\new-bookadzone\\Setup\\Backend\\src\\utils\\sanitizeHtml.ts","statementMap":{"0":{"start":{"line":1,"column":0},"end":{"line":1,"column":41}},"1":{"start":{"line":3,"column":25},"end":{"line":11,"column":4}},"2":{"start":{"line":4,"column":2},"end":{"line":11,"column":4}},"3":{"start":{"line":3,"column":13},"end":{"line":3,"column":25}}},"fnMap":{"0":{"name":"(anonymous_1)","decl":{"start":{"line":3,"column":25},"end":{"line":3,"column":26}},"loc":{"start":{"line":4,"column":2},"end":{"line":11,"column":4}}}},"branchMap":{},"s":{"0":6,"1":6,"2":14,"3":6},"f":{"0":14},"b":{}}
,"D:\\new-bookadzone\\Setup\\Backend\\src\\utils\\validator.ts": {"path":"D:\\new-bookadzone\\Setup\\Backend\\src\\utils\\validator.ts","statementMap":{"0":{"start":{"line":3,"column":4},"end":{"line":3,"column":19}},"1":{"start":{"line":4,"column":4},"end":{"line":4,"column":34}},"2":{"start":{"line":1,"column":0},"end":{"line":1,"column":13}},"3":{"start":{"line":8,"column":27},"end":{"line":39,"column":1}},"4":{"start":{"line":9,"column":17},"end":{"line":9,"column":19}},"5":{"start":{"line":12,"column":2},"end":{"line":18,"column":3}},"6":{"start":{"line":13,"column":4},"end":{"line":13,"column":40}},"7":{"start":{"line":14,"column":9},"end":{"line":18,"column":3}},"8":{"start":{"line":15,"column":4},"end":{"line":15,"column":45}},"9":{"start":{"line":16,"column":9},"end":{"line":18,"column":3}},"10":{"start":{"line":17,"column":4},"end":{"line":17,"column":63}},"11":{"start":{"line":21,"column":2},"end":{"line":27,"column":3}},"12":{"start":{"line":22,"column":4},"end":{"line":22,"column":38}},"13":{"start":{"line":23,"column":9},"end":{"line":27,"column":3}},"14":{"start":{"line":24,"column":4},"end":{"line":24,"column":43}},"15":{"start":{"line":25,"column":9},"end":{"line":27,"column":3}},"16":{"start":{"line":26,"column":4},"end":{"line":26,"column":62}},"17":{"start":{"line":30,"column":2},"end":{"line":32,"column":3}},"18":{"start":{"line":31,"column":4},"end":{"line":31,"column":50}},"19":{"start":{"line":34,"column":2},"end":{"line":36,"column":3}},"20":{"start":{"line":35,"column":4},"end":{"line":35,"column":49}},"21":{"start":{"line":38,"column":2},"end":{"line":38,"column":14}},"22":{"start":{"line":8,"column":13},"end":{"line":8,"column":27}}},"fnMap":{"0":{"name":"(anonymous_0)","decl":{"start":{"line":2,"column":2},"end":{"line":2,"column":14}},"loc":{"start":{"line":2,"column":29},"end":{"line":5,"column":3}}},"1":{"name":"(anonymous_1)","decl":{"start":{"line":8,"column":27},"end":{"line":8,"column":28}},"loc":{"start":{"line":8,"column":41},"end":{"line":39,"column":1}}}},"branchMap":{"0":{"loc":{"start":{"line":12,"column":2},"end":{"line":18,"column":3}},"type":"if","locations":[{"start":{"line":12,"column":2},"end":{"line":18,"column":3}},{"start":{"line":14,"column":9},"end":{"line":18,"column":3}}]},"1":{"loc":{"start":{"line":14,"column":9},"end":{"line":18,"column":3}},"type":"if","locations":[{"start":{"line":14,"column":9},"end":{"line":18,"column":3}},{"start":{"line":16,"column":9},"end":{"line":18,"column":3}}]},"2":{"loc":{"start":{"line":16,"column":9},"end":{"line":18,"column":3}},"type":"if","locations":[{"start":{"line":16,"column":9},"end":{"line":18,"column":3}},{"start":{},"end":{}}]},"3":{"loc":{"start":{"line":21,"column":2},"end":{"line":27,"column":3}},"type":"if","locations":[{"start":{"line":21,"column":2},"end":{"line":27,"column":3}},{"start":{"line":23,"column":9},"end":{"line":27,"column":3}}]},"4":{"loc":{"start":{"line":23,"column":9},"end":{"line":27,"column":3}},"type":"if","locations":[{"start":{"line":23,"column":9},"end":{"line":27,"column":3}},{"start":{"line":25,"column":9},"end":{"line":27,"column":3}}]},"5":{"loc":{"start":{"line":25,"column":9},"end":{"line":27,"column":3}},"type":"if","locations":[{"start":{"line":25,"column":9},"end":{"line":27,"column":3}},{"start":{},"end":{}}]},"6":{"loc":{"start":{"line":30,"column":2},"end":{"line":32,"column":3}},"type":"if","locations":[{"start":{"line":30,"column":2},"end":{"line":32,"column":3}},{"start":{},"end":{}}]},"7":{"loc":{"start":{"line":30,"column":6},"end":{"line":30,"column":67}},"type":"binary-expr","locations":[{"start":{"line":30,"column":6},"end":{"line":30,"column":31}},{"start":{"line":30,"column":35},"end":{"line":30,"column":67}}]},"8":{"loc":{"start":{"line":34,"column":2},"end":{"line":36,"column":3}},"type":"if","locations":[{"start":{"line":34,"column":2},"end":{"line":36,"column":3}},{"start":{},"end":{}}]}},"s":{"0":8,"1":8,"2":5,"3":5,"4":14,"5":14,"6":2,"7":12,"8":1,"9":11,"10":1,"11":14,"12":1,"13":13,"14":1,"15":12,"16":1,"17":14,"18":1,"19":14,"20":8,"21":6,"22":5},"f":{"0":8,"1":14},"b":{"0":[2,12],"1":[1,11],"2":[1,10],"3":[1,13],"4":[1,12],"5":[1,11],"6":[1,13],"7":[14,2],"8":[8,6]}}
}
