TN:
SF:src\app.ts
FNF:0
FNH:0
DA:1,1
DA:2,1
DA:3,1
DA:4,1
DA:5,1
DA:6,1
DA:7,1
DA:9,1
DA:12,1
DA:13,1
DA:14,1
DA:15,1
DA:16,1
DA:17,1
DA:21,1
DA:24,1
DA:26,1
LF:17
LH:17
BRF:0
BRH:0
end_of_record
TN:
SF:src\server.ts
FN:5,(anonymous_8)
FN:5,(anonymous_9)
FN:13,(anonymous_10)
FNF:3
FNH:3
FNDA:3,(anonymous_8)
FNDA:3,(anonymous_9)
FNDA:2,(anonymous_10)
DA:1,1
DA:2,1
DA:3,1
DA:5,3
DA:6,3
DA:7,3
DA:8,2
DA:10,2
DA:11,2
DA:13,2
DA:14,2
DA:17,2
DA:19,1
DA:20,1
DA:25,1
DA:26,0
LF:16
LH:15
BRDA:25,0,0,0
BRDA:25,0,1,1
BRF:2
BRH:1
end_of_record
TN:
SF:src\config\env.ts
FNF:0
FNH:0
DA:1,4
DA:2,4
DA:4,4
LF:3
LH:3
BRDA:5,0,0,4
BRDA:5,0,1,1
BRDA:6,1,0,4
BRDA:6,1,1,0
BRDA:11,2,0,4
BRDA:11,2,1,0
BRDA:12,3,0,4
BRDA:12,3,1,4
BRF:8
BRH:6
end_of_record
TN:
SF:src\constants\pagination.ts
FNF:0
FNH:0
DA:1,1
LF:1
LH:1
BRF:0
BRH:0
end_of_record
TN:
SF:src\controllers\faq.controller.ts
FN:7,(anonymous_7)
FN:20,(anonymous_9)
FN:42,(anonymous_11)
FN:55,(anonymous_13)
FN:70,(anonymous_15)
FN:83,(anonymous_17)
FN:96,(anonymous_19)
FNF:7
FNH:7
FNDA:2,(anonymous_7)
FNDA:1,(anonymous_9)
FNDA:2,(anonymous_11)
FNDA:4,(anonymous_13)
FNDA:3,(anonymous_15)
FNDA:3,(anonymous_17)
FNDA:3,(anonymous_19)
DA:2,3
DA:4,3
DA:5,3
DA:8,2
DA:9,2
DA:10,1
DA:12,1
DA:13,1
DA:15,0
DA:21,1
DA:22,1
DA:23,1
DA:25,1
DA:27,1
DA:38,0
DA:43,2
DA:44,2
DA:45,1
DA:47,1
DA:48,1
DA:50,0
DA:56,4
DA:57,4
DA:58,1
DA:60,3
DA:61,1
DA:62,2
DA:63,1
DA:65,1
DA:71,3
DA:72,3
DA:73,1
DA:75,2
DA:76,1
DA:78,1
DA:84,3
DA:85,3
DA:86,1
DA:88,2
DA:89,1
DA:91,1
DA:97,3
DA:98,3
DA:99,3
DA:100,1
DA:102,2
DA:103,1
DA:105,1
LF:48
LH:45
BRDA:12,0,0,1
BRDA:12,0,1,0
BRDA:22,1,0,1
BRDA:22,1,1,0
BRDA:23,2,0,1
BRDA:23,2,1,0
BRDA:47,3,0,1
BRDA:47,3,1,0
BRDA:47,4,0,1
BRDA:47,4,1,1
BRDA:60,5,0,1
BRDA:60,5,1,2
BRDA:60,6,0,3
BRDA:60,6,1,2
BRDA:62,7,0,1
BRDA:62,7,1,1
BRDA:75,8,0,1
BRDA:75,8,1,1
BRDA:75,9,0,2
BRDA:75,9,1,1
BRDA:88,10,0,1
BRDA:88,10,1,1
BRDA:88,11,0,2
BRDA:88,11,1,1
BRDA:102,12,0,1
BRDA:102,12,1,1
BRF:26
BRH:22
end_of_record
TN:
SF:src\middlewares\error.middleware.ts
FN:3,(anonymous_0)
FNF:1
FNH:1
FNDA:10,(anonymous_0)
DA:3,4
DA:5,10
DA:6,0
DA:10,10
DA:12,10
DA:14,10
DA:15,4
DA:21,6
DA:26,6
DA:27,2
DA:30,6
DA:33,0
DA:40,4
LF:13
LH:11
BRDA:5,0,0,0
BRDA:5,0,1,10
BRDA:14,1,0,4
BRDA:14,1,1,6
BRDA:14,2,0,10
BRDA:14,2,1,7
BRDA:14,3,0,0
BRDA:14,3,1,10
BRDA:14,4,0,10
BRDA:14,4,1,10
BRDA:14,5,0,0
BRDA:14,5,1,7
BRDA:14,6,0,7
BRDA:14,6,1,7
BRDA:17,7,0,4
BRDA:17,7,1,0
BRDA:26,8,0,2
BRDA:26,8,1,4
BRF:18
BRH:14
end_of_record
TN:
SF:src\middlewares\normalizeData.middleware.ts
FN:3,(anonymous_0)
FN:12,(anonymous_1)
FN:20,(anonymous_2)
FNF:3
FNH:3
FNDA:21,(anonymous_0)
FNDA:11,(anonymous_1)
FNDA:9,(anonymous_2)
DA:3,2
DA:4,21
DA:5,7
DA:6,14
DA:7,5
DA:9,9
DA:12,2
DA:13,11
DA:14,11
DA:15,21
DA:17,11
DA:20,2
DA:21,9
DA:22,6
DA:24,9
LF:15
LH:15
BRDA:4,0,0,7
BRDA:4,0,1,14
BRDA:6,1,0,5
BRDA:6,1,1,9
BRDA:6,2,0,14
BRDA:6,2,1,7
BRDA:21,3,0,6
BRDA:21,3,1,3
BRDA:21,4,0,9
BRDA:21,4,1,6
BRF:10
BRH:10
end_of_record
TN:
SF:src\middlewares\rateLimit.middleware.ts
FNF:0
FNH:0
DA:1,1
DA:2,1
DA:4,1
LF:3
LH:3
BRF:0
BRH:0
end_of_record
TN:
SF:src\models\faq.model.ts
FNF:0
FNH:0
DA:1,6
DA:11,6
DA:20,6
LF:3
LH:3
BRF:0
BRH:0
end_of_record
TN:
SF:src\repositories\base.repository.ts
FN:19,(anonymous_8)
FN:24,(anonymous_9)
FN:25,(anonymous_10)
FN:52,(anonymous_11)
FN:68,(anonymous_13)
FNF:5
FNH:5
FNDA:31,(anonymous_8)
FNDA:8,(anonymous_9)
FNDA:8,(anonymous_10)
FNDA:5,(anonymous_11)
FNDA:6,(anonymous_13)
DA:1,5
DA:2,5
DA:18,5
DA:20,31
DA:21,31
DA:25,8
DA:30,8
DA:31,8
DA:32,8
DA:34,8
DA:43,8
DA:53,5
DA:54,1
DA:57,4
DA:58,4
DA:59,1
DA:63,3
DA:64,3
DA:65,3
DA:69,6
DA:70,1
DA:73,5
DA:77,5
DA:78,1
DA:81,5
DA:82,5
LF:26
LH:26
BRDA:25,0,0,2
BRDA:26,1,0,2
BRDA:27,2,0,5
BRDA:53,3,0,1
BRDA:53,3,1,4
BRDA:58,4,0,1
BRDA:58,4,1,3
BRDA:69,5,0,1
BRDA:69,5,1,5
BRDA:69,6,0,6
BRDA:69,6,1,5
BRDA:77,7,0,1
BRDA:77,7,1,4
BRDA:77,8,0,5
BRDA:77,8,1,2
BRF:15
BRH:15
end_of_record
TN:
SF:src\repositories\faq.repository.ts
FN:8,(anonymous_8)
FN:12,(anonymous_9)
FN:18,(anonymous_11)
FN:18,(anonymous_12)
FN:29,(anonymous_13)
FN:36,(anonymous_15)
FN:53,(anonymous_17)
FNF:7
FNH:7
FNDA:15,(anonymous_8)
FNDA:3,(anonymous_9)
FNDA:2,(anonymous_11)
FNDA:2,(anonymous_12)
FNDA:3,(anonymous_13)
FNDA:3,(anonymous_15)
FNDA:2,(anonymous_17)
DA:1,4
DA:2,4
DA:3,4
DA:4,4
DA:5,4
DA:7,4
DA:9,15
DA:13,3
DA:14,2
DA:15,2
DA:18,2
DA:19,2
DA:20,2
DA:30,3
DA:31,1
DA:33,2
DA:37,3
DA:38,1
DA:41,2
DA:42,2
DA:45,2
DA:46,2
DA:54,2
DA:55,1
DA:57,1
LF:25
LH:25
BRDA:14,0,0,2
BRDA:14,0,1,0
BRDA:18,1,0,2
BRDA:30,2,0,1
BRDA:30,2,1,2
BRDA:37,3,0,1
BRDA:37,3,1,2
BRDA:41,4,0,2
BRDA:41,4,1,0
BRDA:42,5,0,2
BRDA:42,5,1,1
BRDA:42,6,0,2
BRDA:42,6,1,0
BRDA:45,7,0,2
BRDA:45,7,1,0
BRDA:54,8,0,1
BRDA:54,8,1,1
BRF:17
BRH:13
end_of_record
TN:
SF:src\routes\faq.routes.ts
FNF:0
FNH:0
DA:1,2
DA:2,2
DA:4,2
DA:7,2
DA:8,2
DA:9,2
DA:10,2
DA:11,2
DA:12,2
DA:13,2
DA:15,2
LF:11
LH:11
BRF:0
BRH:0
end_of_record
TN:
SF:src\routes\index.ts
FN:6,(anonymous_1)
FNF:1
FNH:1
FNDA:8,(anonymous_1)
DA:2,3
DA:4,3
DA:6,3
DA:8,8
LF:4
LH:4
BRF:0
BRH:0
end_of_record
TN:
SF:src\services\base.service.ts
FN:5,(anonymous_7)
FN:10,(anonymous_8)
FN:18,(anonymous_10)
FNF:3
FNH:3
FNDA:10,(anonymous_7)
FNDA:2,(anonymous_8)
FNDA:5,(anonymous_10)
DA:4,4
DA:6,10
DA:7,10
DA:11,2
DA:12,2
DA:13,1
DA:15,1
DA:19,5
DA:20,2
DA:22,3
LF:10
LH:10
BRDA:12,0,0,1
BRDA:12,0,1,1
BRDA:19,1,0,2
BRDA:19,1,1,3
BRDA:19,2,0,5
BRDA:19,2,1,4
BRF:6
BRH:6
end_of_record
TN:
SF:src\services\faq.service.ts
FN:9,(anonymous_7)
FN:15,(anonymous_8)
FN:22,(anonymous_9)
FN:33,(anonymous_11)
FN:33,(anonymous_12)
FN:37,(anonymous_13)
FN:45,(anonymous_15)
FN:60,(anonymous_17)
FNF:8
FNH:8
FNDA:3,(anonymous_7)
FNDA:12,(anonymous_8)
FNDA:2,(anonymous_9)
FNDA:1,(anonymous_11)
FNDA:1,(anonymous_12)
FNDA:2,(anonymous_13)
FNDA:3,(anonymous_15)
FNDA:2,(anonymous_17)
DA:2,3
DA:3,3
DA:5,3
DA:10,3
DA:11,3
DA:12,3
DA:16,12
DA:17,3
DA:19,12
DA:24,2
DA:25,2
DA:26,2
DA:27,1
DA:30,1
DA:33,1
DA:34,1
DA:38,2
DA:39,2
DA:40,1
DA:42,1
DA:47,3
DA:48,3
DA:49,3
DA:50,1
DA:53,2
DA:54,2
DA:55,1
DA:57,1
DA:61,2
DA:62,2
DA:63,1
DA:65,1
LF:32
LH:32
BRDA:16,0,0,3
BRDA:16,0,1,9
BRDA:24,1,0,2
BRDA:24,1,1,0
BRDA:26,2,0,1
BRDA:26,2,1,1
BRDA:33,3,0,0
BRDA:33,4,0,0
BRDA:39,5,0,1
BRDA:39,5,1,1
BRDA:47,6,0,3
BRDA:47,6,1,0
BRDA:49,7,0,1
BRDA:49,7,1,2
BRDA:54,8,0,1
BRDA:54,8,1,1
BRDA:62,9,0,1
BRDA:62,9,1,1
BRF:18
BRH:14
end_of_record
TN:
SF:src\shared\constants\pagination.ts
FNF:0
FNH:0
DA:1,5
LF:1
LH:1
BRF:0
BRH:0
end_of_record
TN:
SF:src\utils\catchAsync.ts
FN:3,(anonymous_0)
FN:4,(anonymous_1)
FNF:2
FNH:2
FNDA:2,(anonymous_0)
FNDA:2,(anonymous_1)
DA:3,1
DA:4,2
DA:5,2
LF:3
LH:3
BRF:0
BRH:0
end_of_record
TN:
SF:src\utils\sanitizeHtml.ts
FN:3,(anonymous_1)
FNF:1
FNH:1
FNDA:14,(anonymous_1)
DA:1,6
DA:3,6
DA:4,14
LF:3
LH:3
BRF:0
BRH:0
end_of_record
TN:
SF:src\utils\validator.ts
FN:2,(anonymous_0)
FN:8,(anonymous_1)
FNF:2
FNH:2
FNDA:8,(anonymous_0)
FNDA:14,(anonymous_1)
DA:1,5
DA:3,8
DA:4,8
DA:8,5
DA:9,14
DA:12,14
DA:13,2
DA:14,12
DA:15,1
DA:16,11
DA:17,1
DA:21,14
DA:22,1
DA:23,13
DA:24,1
DA:25,12
DA:26,1
DA:30,14
DA:31,1
DA:34,14
DA:35,8
DA:38,6
LF:22
LH:22
BRDA:12,0,0,2
BRDA:12,0,1,12
BRDA:14,1,0,1
BRDA:14,1,1,11
BRDA:16,2,0,1
BRDA:16,2,1,10
BRDA:21,3,0,1
BRDA:21,3,1,13
BRDA:23,4,0,1
BRDA:23,4,1,12
BRDA:25,5,0,1
BRDA:25,5,1,11
BRDA:30,6,0,1
BRDA:30,6,1,13
BRDA:30,7,0,14
BRDA:30,7,1,2
BRDA:34,8,0,8
BRDA:34,8,1,6
BRF:18
BRH:18
end_of_record
